<?xml version="1.0" encoding="UTF-8"?>
<!-- Generated by org.testng.reporters.JUnitReportReporter -->
<testsuite hostname="LAPTOP-65O2L0R1" name="RestAssured_Automation.RestAssured.New1Test" tests="1" failures="0" timestamp="26 Aug 2019 03:27:06 GMT" time="80.694" errors="0">
  <testcase name="Hooq" time="80.694" classname="RestAssured_Automation.RestAssured.New1Test"/>
</testsuite> <!-- RestAssured_Automation.RestAssured.New1Test -->
