<?xml version="1.0" encoding="UTF-8"?>
<!-- Generated by org.testng.reporters.JUnitReportReporter -->
<testsuite hostname="LAPTOP-65O2L0R1" name="RestAssured_Automation.RestAssured.NewTest" tests="1" failures="0" timestamp="24 Aug 2019 13:02:15 GMT" time="0.024" errors="0">
  <testcase name="f" time="0.024" classname="RestAssured_Automation.RestAssured.NewTest"/>
</testsuite> <!-- RestAssured_Automation.RestAssured.NewTest -->
