<?xml version="1.0" encoding="UTF-8"?>
<!-- Generated by org.testng.reporters.JUnitReportReporter -->
<testsuite hostname="LAPTOP-65O2L0R1" name="test.JiraApiTest" tests="1" failures="0" timestamp="24 Aug 2019 08:52:34 GMT" time="19.431" errors="0">
  <testcase name="testCreateIssue" time="19.431" classname="test.JiraApiTest"/>
</testsuite> <!-- test.JiraApiTest -->
